<?xml version="1.0" encoding="UTF-8"?>
<!-- Generated by org.testng.reporters.JUnitReportReporter -->
<testsuite hostname="ASDW0041" name="com.qait.acs.tests.Qa_WebsiteTest" tests="10" failures="0" timestamp="7 Aug 2018 13:07:57 GMT" time="164.324" errors="0">
  <testcase name="Step01_Launch_Application" time="7.366" classname="com.qait.acs.tests.Qa_WebsiteTest"/>
  <testcase name="testingservicesmenu" time="12.778" classname="com.qait.acs.tests.Qa_WebsiteTest"/>
  <testcase name="verify_vertical_section" time="21.923" classname="com.qait.acs.tests.Qa_WebsiteTest"/>
  <testcase name="verify_download_section" time="34.355" classname="com.qait.acs.tests.Qa_WebsiteTest"/>
  <testcase name="testinginnovation" time="8.215" classname="com.qait.acs.tests.Qa_WebsiteTest"/>
  <testcase name="testingcontact" time="8.230" classname="com.qait.acs.tests.Qa_WebsiteTest"/>
  <testcase name="testingvertical" time="8.303" classname="com.qait.acs.tests.Qa_WebsiteTest"/>
  <testcase name="testing_news" time="8.468" classname="com.qait.acs.tests.Qa_WebsiteTest"/>
  <testcase name="checkingteam" time="8.229" classname="com.qait.acs.tests.Qa_WebsiteTest"/>
  <testcase name="verify_search_functionality" time="46.457" classname="com.qait.acs.tests.Qa_WebsiteTest"/>
</testsuite> <!-- com.qait.acs.tests.Qa_WebsiteTest -->
