<?xml version="1.0" encoding="UTF-8"?>
<!-- Generated by org.testng.reporters.JUnitReportReporter -->
<testsuite hostname="ASDW0041" name="com.qait.acs.tests.TestFirst" tests="10" failures="0" timestamp="7 Aug 2018 12:33:22 GMT" time="126.659" errors="0">
  <testcase name="checkingteam" time="8.204" classname="com.qait.acs.tests.TestFirst"/>
  <testcase name="Step01_Launch_Application" time="7.939" classname="com.qait.acs.tests.TestFirst"/>
  <testcase name="verify_search_functionality" time="11.691" classname="com.qait.acs.tests.TestFirst"/>
  <testcase name="testing_news" time="8.447" classname="com.qait.acs.tests.TestFirst"/>
  <testcase name="testingvertical" time="8.235" classname="com.qait.acs.tests.TestFirst"/>
  <testcase name="testinginnovation" time="8.223" classname="com.qait.acs.tests.TestFirst"/>
  <testcase name="verify_vertical_section" time="20.430" classname="com.qait.acs.tests.TestFirst"/>
  <testcase name="testingservicesmenu" time="11.974" classname="com.qait.acs.tests.TestFirst"/>
  <testcase name="testingcontact" time="8.249" classname="com.qait.acs.tests.TestFirst"/>
  <testcase name="verify_download_section" time="33.267" classname="com.qait.acs.tests.TestFirst"/>
</testsuite> <!-- com.qait.acs.tests.TestFirst -->
