<?xml version="1.0" encoding="UTF-8"?>
<!-- Generated by org.testng.reporters.JUnitReportReporter -->
<testsuite hostname="ASDW0041" name="stepdefinition.Test_steps" tests="1" failures="0" timestamp="2 Aug 2018 06:03:03 GMT" time="15.964" errors="0">
  <testcase name="user_provide_some_inputs_to_search_box_and_click_the_search_button" time="15.964" classname="stepdefinition.Test_steps"/>
</testsuite> <!-- stepdefinition.Test_steps -->
