<?xml version="1.0" encoding="UTF-8"?>
<!-- Generated by org.testng.reporters.JUnitReportReporter -->
<testsuite hostname="ASDW0041" name="com.qait.automation.report.ResultsIT" tests="1" failures="0" timestamp="27 Jul 2018 11:55:20 GMT" time="1.140" errors="0">
  <testcase name="sendResultsMail" time="1.140" classname="com.qait.automation.report.ResultsIT"/>
</testsuite> <!-- com.qait.automation.report.ResultsIT -->
